  Game.cpp
C:\Users\Michal\Documents\test_for_new_project\template-project-2\libs\Game.cpp(10,114): warning C4244: 'argument': conversion from 'double' to 'int', possible loss of data
C:\Users\Michal\Documents\test_for_new_project\template-project-2\libs\Game.cpp(10,102): warning C4244: 'argument': conversion from 'double' to 'int', possible loss of data
C:\Users\Michal\Documents\test_for_new_project\template-project-2\libs\Game.cpp(10,93): warning C4244: 'argument': conversion from 'double' to 'int', possible loss of data
C:\Users\Michal\Documents\test_for_new_project\template-project-2\libs\Game.cpp(10,42): warning C4244: 'argument': conversion from 'double' to 'int', possible loss of data
C:\Users\Michal\Documents\test_for_new_project\template-project-2\libs\Game.cpp(11,105): warning C4244: 'argument': conversion from 'double' to 'int', possible loss of data
C:\Users\Michal\Documents\test_for_new_project\template-project-2\libs\Game.cpp(11,93): warning C4244: 'argument': conversion from 'double' to 'int', possible loss of data
C:\Users\Michal\Documents\test_for_new_project\template-project-2\libs\Game.cpp(11,84): warning C4244: 'argument': conversion from 'double' to 'int', possible loss of data
C:\Users\Michal\Documents\test_for_new_project\template-project-2\libs\Game.cpp(11,33): warning C4244: 'argument': conversion from 'double' to 'int', possible loss of data
C:\Users\Michal\Documents\test_for_new_project\template-project-2\libs\Game.cpp(12,108): warning C4244: 'argument': conversion from 'double' to 'int', possible loss of data
C:\Users\Michal\Documents\test_for_new_project\template-project-2\libs\Game.cpp(12,96): warning C4244: 'argument': conversion from 'double' to 'int', possible loss of data
C:\Users\Michal\Documents\test_for_new_project\template-project-2\libs\Game.cpp(12,87): warning C4244: 'argument': conversion from 'double' to 'int', possible loss of data
C:\Users\Michal\Documents\test_for_new_project\template-project-2\libs\Game.cpp(12,36): warning C4244: 'argument': conversion from 'double' to 'int', possible loss of data
  LevelLoader.cpp
C:\Program Files\Microsoft Visual Studio\2022\Community\VC\Tools\MSVC\14.41.34120\include\xutility(399,14): error C2672: 'std::construct_at': no matching overloaded function found
  (compiling source file 'libs/LevelLoader.cpp')
      C:\Program Files\Microsoft Visual Studio\2022\Community\VC\Tools\MSVC\14.41.34120\include\xutility(388,16):
      could be '_Ty *std::construct_at(_Ty *const ,_Types ...) noexcept(<expr>)'
          C:\Program Files\Microsoft Visual Studio\2022\Community\VC\Tools\MSVC\14.41.34120\include\xutility(399,14):
          the associated constraints are not satisfied
              C:\Program Files\Microsoft Visual Studio\2022\Community\VC\Tools\MSVC\14.41.34120\include\xutility(386,50):
              'Platform::Platform': function does not take 5 arguments
                  C:\Program Files\Microsoft Visual Studio\2022\Community\VC\Tools\MSVC\14.41.34120\include\xutility(386,50):
                  while trying to match the argument list '(_Ty, _Ty, _Ty, _Ty, _Ty)'
          with
          [
              _Ty=int
          ]
          and
          [
              _Ty=int
          ]
          and
          [
              _Ty=int
          ]
          and
          [
              _Ty=int
          ]
          and
          [
              _Ty=double
          ]
      C:\Program Files\Microsoft Visual Studio\2022\Community\VC\Tools\MSVC\14.41.34120\include\xutility(399,14):
      the template instantiation context (the oldest one first) is
          C:\Users\Michal\Documents\test_for_new_project\template-project-2\libs\LevelLoader.cpp(75,23):
          see reference to function template instantiation 'std::shared_ptr<Platform> std::make_shared<Platform,int,int,int,int,double>(int &&,int &&,int &&,int &&,double &&)' being compiled
          C:\Program Files\Microsoft Visual Studio\2022\Community\VC\Tools\MSVC\14.41.34120\include\memory(2906,46):
          see reference to function template instantiation 'std::_Ref_count_obj2<Platform>::_Ref_count_obj2<_Ty,_Ty,_Ty,_Ty,double>(_Ty &&,_Ty &&,_Ty &&,_Ty &&,double &&)' being compiled
          with
          [
              _Ty=int
          ]
          C:\Program Files\Microsoft Visual Studio\2022\Community\VC\Tools\MSVC\14.41.34120\include\memory(2095,18):
          see reference to function template instantiation 'void std::_Construct_in_place<_Ty,int,int,int,int,double>(_Ty &,int &&,int &&,int &&,int &&,double &&) noexcept(false)' being compiled
          with
          [
              _Ty=Platform
          ]
  
C:\Program Files\Microsoft Visual Studio\2022\Community\VC\Tools\MSVC\14.41.34120\include\xutility(403,61): error C2661: 'Platform::Platform': no overloaded function takes 5 arguments
  (compiling source file 'libs/LevelLoader.cpp')
      C:\Program Files\Microsoft Visual Studio\2022\Community\VC\Tools\MSVC\14.41.34120\include\xutility(403,61):
      while trying to match the argument list '(_Ty, _Ty, _Ty, _Ty, _Ty)'
          with
          [
              _Ty=int
          ]
          and
          [
              _Ty=int
          ]
          and
          [
              _Ty=int
          ]
          and
          [
              _Ty=int
          ]
          and
          [
              _Ty=double
          ]
  
  main.cpp
  Generating Code...
